<?xml version="1.0" encoding="UTF-8"?>
<!-- Generated by org.testng.reporters.JUnitReportReporter -->
<testsuite hostname="Manickam" failures="0" tests="4" name="com.viji.Java.streams.MergeTwoArrayList" time="0.014" errors="0" timestamp="2024-07-17T08:55:25 IST" skipped="0">
  <testcase classname="com.viji.Java.streams.MergeTwoArrayList" name="printingTwoArrayList" time="0.001"/>
  <testcase classname="com.viji.Java.streams.MergeTwoArrayList" name="streamCollect" time="0.002"/>
  <testcase classname="com.viji.Java.streams.MergeTwoArrayList" name="findAnElementFromListUsingStream" time="0.010"/>
  <testcase classname="com.viji.Java.streams.MergeTwoArrayList" name="mergeTwoArrayListUsingStream" time="0.001"/>
</testsuite> <!-- com.viji.Java.streams.MergeTwoArrayList -->
