<?xml version="1.0" encoding="UTF-8"?>
<!-- Generated by org.testng.reporters.JUnitReportReporter -->
<testsuite hostname="Manickam" failures="0" tests="2" name="com.viji.selenium.assignments.FindTheUniqueNumbersFromListUsingStream" time="0.010" errors="0" timestamp="2024-07-17T09:26:19 IST" skipped="0">
  <testcase classname="com.viji.selenium.assignments.FindTheUniqueNumbersFromListUsingStream" name="ArrayListDemo" time="0.007"/>
  <testcase classname="com.viji.selenium.assignments.FindTheUniqueNumbersFromListUsingStream" name="streamDemo" time="0.003"/>
</testsuite> <!-- com.viji.selenium.assignments.FindTheUniqueNumbersFromListUsingStream -->
