<?xml version="1.0" encoding="UTF-8"?>
<!-- Generated by org.testng.reporters.JUnitReportReporter -->
<testsuite hostname="Manickam" failures="0" tests="3" name="com.viji.Java.streams.StoreElementsInList_FindElementsStartingWithA" time="0.011" errors="0" timestamp="2024-07-16T15:45:30 IST" skipped="0">
  <testcase classname="com.viji.Java.streams.StoreElementsInList_FindElementsStartingWithA" name="elementsStartingUsingStreamsAPI" time="0.007"/>
  <testcase classname="com.viji.Java.streams.StoreElementsInList_FindElementsStartingWithA" name="elementsStartingWithA" time="0.002"/>
  <testcase classname="com.viji.Java.streams.StoreElementsInList_FindElementsStartingWithA" name="elementsStartingWithAStreams" time="0.002"/>
</testsuite> <!-- com.viji.Java.streams.StoreElementsInList_FindElementsStartingWithA -->
